Arguments: 
  /usr/bin/node /mnt/c/Users/manolo.algarra/AppData/Roaming/npm/node_modules/yarn/bin/yarn.js init

PATH: 
  /home/manuel/.vscode-server/bin/e5a624b788d92b8d34d1392e4c4d9789406efe8f/bin:/usr/local/sbin:/usr/local/bin:/usr/sbin:/usr/bin:/sbin:/bin:/usr/games:/usr/local/games:/mnt/c/Python39/Scripts/:/mnt/c/Python39/:/mnt/c/Program Files (x86)/Intel/Intel(R) Management Engine Components/iCLS/:/mnt/c/Program Files/Intel/Intel(R) Management Engine Components/iCLS/:/mnt/c/WINDOWS/system32:/mnt/c/WINDOWS:/mnt/c/WINDOWS/System32/Wbem:/mnt/c/WINDOWS/System32/WindowsPowerShell/v1.0/:/mnt/c/WINDOWS/System32/OpenSSH/:/mnt/c/Program Files (x86)/Intel/Intel(R) Management Engine Components/DAL:/mnt/c/Program Files/Intel/Intel(R) Management Engine Components/DAL:/mnt/c/Program Files (x86)/Intel/Intel(R) Management Engine Components/IPT:/mnt/c/Program Files/Intel/Intel(R) Management Engine Components/IPT:/mnt/c/Program Files (x86)/Microsoft Dynamics AX/60/Client/Bin/:/mnt/d/ProgramFiles(x86)/Microsoft SQL Server/110/Tools/Binn/:/mnt/d/ProgramFiles/Microsoft SQL Server/110/Tools/Binn/:/mnt/d/ProgramFiles/Microsoft SQL Server/110/DTS/Binn/:/mnt/d/ProgramFiles(x86)/Microsoft SQL Server/110/Tools/Binn/ManagementStudio/:/mnt/d/ProgramFiles(x86)/Microsoft SQL Server/110/DTS/Binn/:/mnt/c/Program Files (x86)/Microsoft SDKs/TypeScript/1.0/:/mnt/d/ProgramFiles/Microsoft SQL Server/120/Tools/Binn/:/mnt/c/Program Files/dotnet/:/mnt/d/ProgramFiles/Microsoft SQL Server/130/Tools/Binn/:/mnt/d/ProgramFiles/Microsoft SQL Server/Client SDK/ODBC/170/Tools/Binn/:/mnt/c/xampp/php:/mnt/c/composer:/mnt/d/Program Files/Git/cmd:/mnt/c/Program Files/nodejs/:/mnt/c/ProgramData/chocolatey/bin:/mnt/c/Program Files/MySQL/MySQL Shell 8.0/bin/:/mnt/c/Users/manolo.algarra/AppData/Local/Microsoft/WindowsApps:/mnt/c/Users/manolo.algarra/AppData/Roaming/Composer/vendor/bin:/mnt/d/flutter/bin:/mnt/d/flutter/bin/cache/dart-sdk/bin:/mnt/c/Users/manolo.algarra/AppData/Local/atom/bin:/mnt/c/Users/manolo.algarra/AppData/Roaming/npm:/mnt/c/Users/manolo.algarra/AppData/Local/Programs/Microsoft VS Code/bin:/snap/bin

Yarn version: 
  1.22.10

Node version: 
  10.19.0

Platform: 
  linux x64

Trace: 
  Error: canceled
      at Interface.<anonymous> (/mnt/c/Users/manolo.algarra/AppData/Roaming/npm/node_modules/yarn/lib/cli.js:136216:13)
      at Interface.emit (events.js:198:13)
      at Interface._ttyWrite (readline.js:801:16)
      at ReadStream.onkeypress (readline.js:184:10)
      at ReadStream.emit (events.js:198:13)
      at emitKeys (internal/readline.js:424:14)
      at emitKeys.next (<anonymous>)
      at ReadStream.onData (readline.js:1073:36)
      at ReadStream.emit (events.js:198:13)
      at addChunk (_stream_readable.js:288:12)

npm manifest: 
  {
    "name": "gasoil-api",
    "version": "1.0.0",
    "description": "",
    "main": "index.js",
    "scripts": {
      "start": "json-server --watch db.json --port 3001",
      "test": "echo \"Error: no test specified\" && exit 1"
    },
    "author": "",
    "license": "ISC",
    "dependencies": {
      "body-parser": "^1.19.0",
      "express": "^4.17.1",
      "json-server": "^0.16.3"
    }
  }

yarn manifest: 
  No manifest

Lockfile: 
  No lockfile
